# JRE version: Java(TM) SE Runtime Environment (8.0_77-b03) (build 1.8.0_77-b03)
# Java VM: Java HotSpot(TM) 64-Bit Server VM (25.77-b03 mixed mode windows-amd64 compressed oops)
Heap:
 PSYoungGen      total 305152K, used 203818K [0x00000000eab00000, 0x00000000ff980000, 0x0000000100000000)
  eden space 285184K, 71% used [0x00000000eab00000,0x00000000f720aad0,0x00000000fc180000)
  from space 19968K, 0% used [0x00000000fe000000,0x00000000fe000000,0x00000000ff380000)
  to   space 28672K, 0% used [0x00000000fc180000,0x00000000fc180000,0x00000000fdd80000)
 ParOldGen       total 70656K, used 56754K [0x00000000c0000000, 0x00000000c4500000, 0x00000000eab00000)
  object space 70656K, 80% used [0x00000000c0000000,0x00000000c376cbc8,0x00000000c4500000)
 Metaspace       used 63092K, capacity 66328K, committed 66560K, reserved 1105920K
  class space    used 8371K, capacity 9009K, committed 9216K, reserved 1048576K
GC Heap History (10 events):
Event: 3449.924 GC heap before
{Heap before GC invocations=21 (full 4):
 PSYoungGen      total 321536K, used 11141K [0x00000000eab00000, 0x0000000100000000, 0x0000000100000000)
  eden space 294912K, 0% used [0x00000000eab00000,0x00000000eab00000,0x00000000fcb00000)
  from space 26624K, 41% used [0x00000000fcb00000,0x00000000fd5e17a0,0x00000000fe500000)
  to   space 25088K, 0% used [0x00000000fe780000,0x00000000fe780000,0x0000000100000000)
 ParOldGen       total 70656K, used 52703K [0x00000000c0000000, 0x00000000c4500000, 0x00000000eab00000)
  object space 70656K, 74% used [0x00000000c0000000,0x00000000c3377c10,0x00000000c4500000)
 Metaspace       used 55971K, capacity 58044K, committed 58368K, reserved 1099776K
  class space    used 7528K, capacity 8066K, committed 8192K, reserved 1048576K
Event: 3450.566 GC heap after
Heap after GC invocations=21 (full 4):
 PSYoungGen      total 321536K, used 0K [0x00000000eab00000, 0x0000000100000000, 0x0000000100000000)
  eden space 294912K, 0% used [0x00000000eab00000,0x00000000eab00000,0x00000000fcb00000)
  from space 26624K, 0% used [0x00000000fcb00000,0x00000000fcb00000,0x00000000fe500000)
  to   space 25088K, 0% used [0x00000000fe780000,0x00000000fe780000,0x0000000100000000)
 ParOldGen       total 70656K, used 45851K [0x00000000c0000000, 0x00000000c4500000, 0x00000000eab00000)
  object space 70656K, 64% used [0x00000000c0000000,0x00000000c2cc6f40,0x00000000c4500000)
 Metaspace       used 55309K, capacity 57122K, committed 58368K, reserved 1099776K
  class space    used 7405K, capacity 7873K, committed 8192K, reserved 1048576K
}
Event: 3512.903 GC heap before
{Heap before GC invocations=22 (full 4):
 PSYoungGen      total 321536K, used 294912K [0x00000000eab00000, 0x0000000100000000, 0x0000000100000000)
  eden space 294912K, 100% used [0x00000000eab00000,0x00000000fcb00000,0x00000000fcb00000)
  from space 26624K, 0% used [0x00000000fcb00000,0x00000000fcb00000,0x00000000fe500000)
  to   space 25088K, 0% used [0x00000000fe780000,0x00000000fe780000,0x0000000100000000)
 ParOldGen       total 70656K, used 45851K [0x00000000c0000000, 0x00000000c4500000, 0x00000000eab00000)
  object space 70656K, 64% used [0x00000000c0000000,0x00000000c2cc6f40,0x00000000c4500000)
 Metaspace       used 56239K, capacity 58514K, committed 58880K, reserved 1099776K
  class space    used 7514K, capacity 8016K, committed 8192K, reserved 1048576K
Event: 3512.943 GC heap after
Heap after GC invocations=22 (full 4):
 PSYoungGen      total 318976K, used 11293K [0x00000000eab00000, 0x00000000ffc80000, 0x0000000100000000)
  eden space 297472K, 0% used [0x00000000eab00000,0x00000000eab00000,0x00000000fcd80000)
  from space 21504K, 52% used [0x00000000fe780000,0x00000000ff287700,0x00000000ffc80000)
  to   space 24064K, 0% used [0x00000000fcd80000,0x00000000fcd80000,0x00000000fe500000)
 ParOldGen       total 70656K, used 45859K [0x00000000c0000000, 0x00000000c4500000, 0x00000000eab00000)
  object space 70656K, 64% used [0x00000000c0000000,0x00000000c2cc8f40,0x00000000c4500000)
 Metaspace       used 56239K, capacity 58514K, committed 58880K, reserved 1099776K
  class space    used 7514K, capacity 8016K, committed 8192K, reserved 1048576K
}
Event: 5189.188 GC heap before
{Heap before GC invocations=23 (full 4):
 PSYoungGen      total 318976K, used 308765K [0x00000000eab00000, 0x00000000ffc80000, 0x0000000100000000)
  eden space 297472K, 100% used [0x00000000eab00000,0x00000000fcd80000,0x00000000fcd80000)
  from space 21504K, 52% used [0x00000000fe780000,0x00000000ff287700,0x00000000ffc80000)
  to   space 24064K, 0% used [0x00000000fcd80000,0x00000000fcd80000,0x00000000fe500000)
 ParOldGen       total 70656K, used 45859K [0x00000000c0000000, 0x00000000c4500000, 0x00000000eab00000)
  object space 70656K, 64% used [0x00000000c0000000,0x00000000c2cc8f40,0x00000000c4500000)
 Metaspace       used 62442K, capacity 65140K, committed 65280K, reserved 1105920K
  class space    used 8317K, capacity 8934K, committed 8960K, reserved 1048576K
Event: 5189.455 GC heap after
Heap after GC invocations=23 (full 4):
 PSYoungGen      total 304128K, used 18786K [0x00000000eab00000, 0x00000000ff380000, 0x0000000100000000)
  eden space 285184K, 0% used [0x00000000eab00000,0x00000000eab00000,0x00000000fc180000)
  from space 18944K, 99% used [0x00000000fcd80000,0x00000000fdfd88e8,0x00000000fe000000)
  to   space 19968K, 0% used [0x00000000fe000000,0x00000000fe000000,0x00000000ff380000)
 ParOldGen       total 70656K, used 45867K [0x00000000c0000000, 0x00000000c4500000, 0x00000000eab00000)
  object space 70656K, 64% used [0x00000000c0000000,0x00000000c2ccaf40,0x00000000c4500000)
 Metaspace       used 62442K, capacity 65140K, committed 65280K, reserved 1105920K
  class space    used 8317K, capacity 8934K, committed 8960K, reserved 1048576K
}
Event: 5195.153 GC heap before
{Heap before GC invocations=24 (full 4):
 PSYoungGen      total 304128K, used 257583K [0x00000000eab00000, 0x00000000ff380000, 0x0000000100000000)
  eden space 285184K, 83% used [0x00000000eab00000,0x00000000f9433658,0x00000000fc180000)
  from space 18944K, 99% used [0x00000000fcd80000,0x00000000fdfd88e8,0x00000000fe000000)
  to   space 19968K, 0% used [0x00000000fe000000,0x00000000fe000000,0x00000000ff380000)
 ParOldGen       total 70656K, used 45867K [0x00000000c0000000, 0x00000000c4500000, 0x00000000eab00000)
  object space 70656K, 64% used [0x00000000c0000000,0x00000000c2ccaf40,0x00000000c4500000)
 Metaspace       used 63187K, capacity 66270K, committed 66432K, reserved 1105920K
  class space    used 8406K, capacity 9071K, committed 9088K, reserved 1048576K
Event: 5195.192 GC heap after
Heap after GC invocations=24 (full 4):
 PSYoungGen      total 305152K, used 19946K [0x00000000eab00000, 0x00000000ff980000, 0x0000000100000000)
  eden space 285184K, 0% used [0x00000000eab00000,0x00000000eab00000,0x00000000fc180000)
  from space 19968K, 99% used [0x00000000fe000000,0x00000000ff37a9c0,0x00000000ff380000)
  to   space 28672K, 0% used [0x00000000fc180000,0x00000000fc180000,0x00000000fdd80000)
 ParOldGen       total 70656K, used 50133K [0x00000000c0000000, 0x00000000c4500000, 0x00000000eab00000)
  object space 70656K, 70% used [0x00000000c0000000,0x00000000c30f5570,0x00000000c4500000)
 Metaspace       used 63187K, capacity 66270K, committed 66432K, reserved 1105920K
  class space    used 8406K, capacity 9071K, committed 9088K, reserved 1048576K
}
Event: 5195.192 GC heap before
{Heap before GC invocations=25 (full 5):
 PSYoungGen      total 305152K, used 19946K [0x00000000eab00000, 0x00000000ff980000, 0x0000000100000000)
  eden space 285184K, 0% used [0x00000000eab00000,0x00000000eab00000,0x00000000fc180000)
  from space 19968K, 99% used [0x00000000fe000000,0x00000000ff37a9c0,0x00000000ff380000)
  to   space 28672K, 0% used [0x00000000fc180000,0x00000000fc180000,0x00000000fdd80000)
 ParOldGen       total 70656K, used 50133K [0x00000000c0000000, 0x00000000c4500000, 0x00000000eab00000)
  object space 70656K, 70% used [0x00000000c0000000,0x00000000c30f5570,0x00000000c4500000)
 Metaspace       used 63187K, capacity 66270K, committed 66432K, reserved 1105920K
  class space    used 8406K, capacity 9071K, committed 9088K, reserved 1048576K
Event: 5195.853 GC heap after
Heap after GC invocations=25 (full 5):
 PSYoungGen      total 305152K, used 0K [0x00000000eab00000, 0x00000000ff980000, 0x0000000100000000)
  eden space 285184K, 0% used [0x00000000eab00000,0x00000000eab00000,0x00000000fc180000)
  from space 19968K, 0% used [0x00000000fe000000,0x00000000fe000000,0x00000000ff380000)
  to   space 28672K, 0% used [0x00000000fc180000,0x00000000fc180000,0x00000000fdd80000)
 ParOldGen       total 70656K, used 56754K [0x00000000c0000000, 0x00000000c4500000, 0x00000000eab00000)
  object space 70656K, 80% used [0x00000000c0000000,0x00000000c376cbc8,0x00000000c4500000)
 Metaspace       used 62528K, capacity 65306K, committed 66432K, reserved 1105920K
  class space    used 8299K, capacity 8888K, committed 9088K, reserved 1048576K
}

